// 重构日志: 54620c08
// 重构日志: 43880785
// 重构日志: 0e2b61d7
// 同步 ID: ca4d54a5 @ Tue Jun 30 17:22:18 UTC 2026
// 重构日志: cd91feed
// 同步 ID: 73b3b93e @ Sat Jul  4 08:29:05 UTC 2026
// 同步 ID: 1cbd106a @ Sat Jul  4 20:18:08 UTC 2026
// 重构日志: ec5a2c66
// 重构日志: 93764ceb
// 重构日志: 6f067fff
// 重构日志: 17cc907b
// 重构日志: 289e949b
// 同步 ID: 80f4cdc4 @ Wed Jul  8 16:42:43 UTC 2026
// 重构日志: aca4b53a
// 重构日志: 9fc493ae
// 同步 ID: 88ed8578 @ Wed Jul 15 07:58:26 UTC 2026
// 同步 ID: 965ed468 @ Fri Jul 17 12:37:08 UTC 2026
// 同步 ID: 2a3867f2 @ Sat Jul 18 04:19:57 UTC 2026
// 重构日志: dced1ee7
// 同步 ID: 04600f41 @ Sat Jul 18 14:16:31 UTC 2026
// 同步 ID: 667c875d @ Sun Jul 19 11:05:49 UTC 2026
// 同步 ID: 14e5a0c5 @ Tue Jul 21 04:47:16 UTC 2026
// 重构日志: 4b036002
